<?xml version="1.0" encoding="UTF-8"?>
<testsuite name="ParcelTest" tests="3" skipped="0" failures="0" errors="0" timestamp="2016-02-15T19:29:13" hostname="epicodus-64.local" time="0.002">
  <properties/>
  <testcase name="createNewParcel_instantiatesCorrectly" classname="ParcelTest" time="0.001"/>
  <testcase name="surfaceArea_calculateSurfaceWithGivenDimensions_parcelSurface" classname="ParcelTest" time="0.001"/>
  <testcase name="volume_calculateVolumeWithGivenDimensions_parcelVolume" classname="ParcelTest" time="0.0"/>
  <system-out><![CDATA[]]></system-out>
  <system-err><![CDATA[]]></system-err>
</testsuite>
